[2025-03-18 21:45:10] ✅ 스케줄러 시작 - 매일 07:00 KST 실행
[2025-03-18 21:46:13] ✅ 스케줄러 시작 - 매일 07:00 KST 실행
[2025-03-18 21:47:55] ✅ 스케줄러 시작 - 매일 21:50 KST 실행
[2025-03-18 22:18:33] ✅ 스케줄러 시작 - 매일 22:20 KST 실행
[2025-03-18 22:30:12] ✅ 스케줄러 시작 - 매일 22:20 KST 실행
[2025-03-18 22:31:11] ✅ 스케줄러 시작 - 매일 22:20 KST 실행
[2025-03-18 22:32:08] ✅ 스케줄러 시작 - 매일 22:33 KST 실행
[2025-03-18 22:33:08] ✅ 뉴스 요약 시작
[2025-03-18 22:33:09] ✅ 뉴스 요약 완료! 파일 저장: summarized_news_2025-03-18.json

[2025-03-18 22:33:09] 
[2025-03-18 22:33:09] ✅ 텔레그램 전송 시작
[2025-03-18 22:33:10] ✅ 텔레그램 전송 완료 (한글 요약만, 하나의 메시지로)

[2025-03-18 22:33:10] 
[2025-03-18 22:33:10] ✅ 오늘 작업 완료

[2025-03-18 22:37:02] ✅ 스케줄러 시작 - 매일 07:15 KST 실행
[2025-03-19 07:15:02] ✅ 뉴스 요약 시작
[2025-03-19 07:15:04] ✅ 뉴스 요약 완료! 파일 저장: summarized_news_2025-03-19.json

[2025-03-19 07:15:04] 
[2025-03-19 07:15:04] ✅ 텔레그램 전송 시작
[2025-03-19 07:15:05] ✅ 텔레그램 전송 완료 (한글 요약만, 하나의 메시지로)

[2025-03-19 07:15:05] 
[2025-03-19 07:15:05] ✅ 오늘 작업 완료

[2025-03-19 07:31:42] ✅ 스케줄러 시작 - 매일 07:35 KST 실행
[2025-03-19 07:35:12] ✅ 뉴스 요약 시작
[2025-03-19 07:35:21] ✅ 뉴스 요약 완료! 파일 저장: summarized_news_2025-03-19.json

[2025-03-19 07:35:21] 
[2025-03-19 07:35:21] ✅ 텔레그램 전송 시작
[2025-03-19 07:35:22] ✅ 텔레그램 전송 완료 (한글 요약만, 하나의 메시지로)

[2025-03-19 07:35:22] 
[2025-03-19 07:35:22] ✅ 오늘 작업 완료

[2025-03-19 07:40:50] ✅ 스케줄러 시작 - 매일 07:35 KST 실행
[2025-03-19 12:36:37] ✅ 스케줄러 시작 - 매일 07:35 KST 실행
[2025-03-19 21:29:27] ✅ 스케줄러 시작 - 매일 07:35 KST 실행
[2025-03-20 07:35:27] ✅ 뉴스 요약 시작
[2025-03-20 07:35:43] ✅ 뉴스 요약 완료! 파일 저장: summarized_news_2025-03-20.json

[2025-03-20 07:35:43] 
[2025-03-20 07:35:43] ✅ 텔레그램 전송 시작
[2025-03-20 07:35:44] ✅ 텔레그램 전송 완료 (한글 요약만, 하나의 메시지로)

[2025-03-20 07:35:44] 
[2025-03-20 07:35:44] ✅ 오늘 작업 완료

[2025-03-20 11:19:46] ✅ 스케줄러 시작 - 매일 07:35 KST 실행
[2025-03-21 07:35:16] ✅ 뉴스 요약 시작
[2025-03-21 07:35:42] ✅ 뉴스 요약 완료! 파일 저장: summarized_news_2025-03-21.json

[2025-03-21 07:35:42] 
[2025-03-21 07:35:42] ✅ 텔레그램 전송 시작
[2025-03-21 07:35:43] ✅ 텔레그램 전송 완료 (한글 요약만, 하나의 메시지로)

[2025-03-21 07:35:43] 
[2025-03-21 07:35:43] ✅ 오늘 작업 완료

[2025-03-22 07:35:14] ✅ 뉴스 요약 시작
[2025-03-22 07:35:26] ✅ 뉴스 요약 완료! 파일 저장: summarized_news_2025-03-22.json

[2025-03-22 07:35:26] 
[2025-03-22 07:35:26] ✅ 텔레그램 전송 시작
[2025-03-22 07:35:27] ✅ 텔레그램 전송 완료 (한글 요약만, 하나의 메시지로)

[2025-03-22 07:35:27] 
[2025-03-22 07:35:27] ✅ 오늘 작업 완료

[2025-03-23 07:35:28] ✅ 뉴스 요약 시작
[2025-03-23 07:35:37] ✅ 뉴스 요약 완료! 파일 저장: summarized_news_2025-03-23.json

[2025-03-23 07:35:37] 
[2025-03-23 07:35:37] ✅ 텔레그램 전송 시작
[2025-03-23 07:35:38] ✅ 텔레그램 전송 완료 (한글 요약만, 하나의 메시지로)

[2025-03-23 07:35:38] 
[2025-03-23 07:35:38] ✅ 오늘 작업 완료

